<?xml version="1.0" encoding="UTF-8"?>
<!-- Generated by org.testng.reporters.JUnitXMLReporter -->
<testsuite hostname="DESKTOP-A0JPN83" ignored="0" name="Test" tests="3" failures="2" timestamp="19 Jan 2022 09:23:50 GMT" time="14.604" errors="0">
  <testcase name="testlogin1" time="0.014" classname="com.sdet.AppTest">
    <failure type="java.util.MissingResourceException" message="Can&amp;apos;t find resource for bundle java.util.PropertyResourceBundle, key username">
      <![CDATA[java.util.MissingResourceException: Can't find resource for bundle java.util.PropertyResourceBundle, key username
at java.util.ResourceBundle.getObject(ResourceBundle.java:450)
at java.util.ResourceBundle.getString(ResourceBundle.java:407)
at com.sdet.App.userLogin(App.java:9)
at com.sdet.AppTest.testlogin1(AppTest.java:12)
... Removed 29 stack frames]]>
    </failure>
  </testcase> <!-- testlogin1 -->
  <testcase name="testlogin2" time="0.0" classname="com.sdet.AppTest">
    <failure type="java.util.MissingResourceException" message="Can&amp;apos;t find resource for bundle java.util.PropertyResourceBundle, key username">
      <![CDATA[java.util.MissingResourceException: Can't find resource for bundle java.util.PropertyResourceBundle, key username
at java.util.ResourceBundle.getObject(ResourceBundle.java:450)
at java.util.ResourceBundle.getString(ResourceBundle.java:407)
at com.sdet.App.userLogin(App.java:9)
at com.sdet.AppTest.testlogin2(AppTest.java:19)
... Removed 29 stack frames]]>
    </failure>
  </testcase> <!-- testlogin2 -->
  <testcase name="login_Test" time="14.545" classname="com.sdet.TC_Login"/>
</testsuite> <!-- Test -->
