<?xml version="1.0" encoding="UTF-8"?>
<testng-results ignored="0" total="1" passed="1" failed="0" skipped="0">
  <reporter-output>
  </reporter-output>
  <suite started-at="2022-01-10T05:25:46Z" name="Default suite" finished-at="2022-01-10T05:25:46Z" duration-ms="23">
    <groups>
    </groups>
    <test started-at="2022-01-10T05:25:46Z" name="Default test" finished-at="2022-01-10T05:25:46Z" duration-ms="23">
      <class name="sample.testng.TestNGProgram">
        <test-method is-config="true" signature="generateReport()[pri:0, instance:sample.testng.TestNGProgram@282cb7c7]" started-at="2022-01-10T05:25:46Z" name="generateReport" finished-at="2022-01-10T05:25:46Z" duration-ms="7" status="PASS">
          <reporter-output>
          </reporter-output>
        </test-method> <!-- generateReport -->
        <test-method is-config="true" signature="launchTheBrowser()[pri:0, instance:sample.testng.TestNGProgram@282cb7c7]" started-at="2022-01-10T05:25:46Z" name="launchTheBrowser" finished-at="2022-01-10T05:25:46Z" duration-ms="0" status="PASS">
          <reporter-output>
          </reporter-output>
        </test-method> <!-- launchTheBrowser -->
        <test-method signature="TestCase1()[pri:0, instance:sample.testng.TestNGProgram@282cb7c7]" started-at="2022-01-10T05:25:46Z" name="TestCase1" finished-at="2022-01-10T05:25:46Z" duration-ms="5" status="PASS">
          <reporter-output>
          </reporter-output>
        </test-method> <!-- TestCase1 -->
        <test-method is-config="true" signature="closeTheBrowser()[pri:0, instance:sample.testng.TestNGProgram@282cb7c7]" started-at="2022-01-10T05:25:46Z" name="closeTheBrowser" finished-at="2022-01-10T05:25:46Z" duration-ms="0" status="PASS">
          <reporter-output>
          </reporter-output>
        </test-method> <!-- closeTheBrowser -->
      </class> <!-- sample.testng.TestNGProgram -->
    </test> <!-- Default test -->
  </suite> <!-- Default suite -->
</testng-results>
